<?xml version="1.0" encoding="UTF-8"?>
<!-- Generated by org.testng.reporters.JUnitReportReporter -->
<testsuite hostname="DESKTOP-UC0PPD7" failures="0" tests="2" name="testcases.Logintest" time="24.883" errors="0" timestamp="26 Nov 2023 16:11:14 GMT" skipped="0">
  <testcase classname="testcases.Logintest" name="LoginSucessTest" time="16.068"/>
  <testcase classname="testcases.Logintest" name="LoginTestFailure" time="8.815"/>
</testsuite> <!-- testcases.Logintest -->
